<?xml version="1.0" encoding="UTF-8"?>
<testsuite name="com.example.template.TemplateApplicationTests" tests="1" skipped="0" failures="0" errors="0" timestamp="2022-04-14T19:06:57" hostname="ferro" time="0.297">
  <properties/>
  <testcase name="contextLoads()" classname="com.example.template.TemplateApplicationTests" time="0.297"/>
  <system-out><![CDATA[16:06:56.437 [Test worker] DEBUG org.springframework.test.context.BootstrapUtils - Instantiating CacheAwareContextLoaderDelegate from class [org.springframework.test.context.cache.DefaultCacheAwareContextLoaderDelegate]
16:06:56.445 [Test worker] DEBUG org.springframework.test.context.BootstrapUtils - Instantiating BootstrapContext using constructor [public org.springframework.test.context.support.DefaultBootstrapContext(java.lang.Class,org.springframework.test.context.CacheAwareContextLoaderDelegate)]
16:06:56.471 [Test worker] DEBUG org.springframework.test.context.BootstrapUtils - Instantiating TestContextBootstrapper for test class [com.example.template.TemplateApplicationTests] from class [org.springframework.boot.test.context.SpringBootTestContextBootstrapper]
16:06:56.478 [Test worker] INFO org.springframework.boot.test.context.SpringBootTestContextBootstrapper - Neither @ContextConfiguration nor @ContextHierarchy found for test class [com.example.template.TemplateApplicationTests], using SpringBootContextLoader
16:06:56.481 [Test worker] DEBUG org.springframework.test.context.support.AbstractContextLoader - Did not detect default resource location for test class [com.example.template.TemplateApplicationTests]: class path resource [com/example/template/TemplateApplicationTests-context.xml] does not exist
16:06:56.482 [Test worker] DEBUG org.springframework.test.context.support.AbstractContextLoader - Did not detect default resource location for test class [com.example.template.TemplateApplicationTests]: class path resource [com/example/template/TemplateApplicationTestsContext.groovy] does not exist
16:06:56.482 [Test worker] INFO org.springframework.test.context.support.AbstractContextLoader - Could not detect default resource locations for test class [com.example.template.TemplateApplicationTests]: no resource found for suffixes {-context.xml, Context.groovy}.
16:06:56.482 [Test worker] INFO org.springframework.test.context.support.AnnotationConfigContextLoaderUtils - Could not detect default configuration classes for test class [com.example.template.TemplateApplicationTests]: TemplateApplicationTests does not declare any static, non-private, non-final, nested classes annotated with @Configuration.
16:06:56.515 [Test worker] DEBUG org.springframework.test.context.support.ActiveProfilesUtils - Could not find an 'annotation declaring class' for annotation type [org.springframework.test.context.ActiveProfiles] and class [com.example.template.TemplateApplicationTests]
16:06:56.552 [Test worker] DEBUG org.springframework.context.annotation.ClassPathScanningCandidateComponentProvider - Identified candidate component class: file [/home/ferro/Desktop/TemplateSpringMultiModulos/build/classes/java/main/com/example/template/TemplateApplication.class]
16:06:56.553 [Test worker] INFO org.springframework.boot.test.context.SpringBootTestContextBootstrapper - Found @SpringBootConfiguration com.example.template.TemplateApplication for test class com.example.template.TemplateApplicationTests
16:06:56.638 [Test worker] DEBUG org.springframework.boot.test.context.SpringBootTestContextBootstrapper - @TestExecutionListeners is not present for class [com.example.template.TemplateApplicationTests]: using defaults.
16:06:56.638 [Test worker] INFO org.springframework.boot.test.context.SpringBootTestContextBootstrapper - Loaded default TestExecutionListener class names from location [META-INF/spring.factories]: [org.springframework.boot.test.autoconfigure.restdocs.RestDocsTestExecutionListener, org.springframework.boot.test.autoconfigure.web.client.MockRestServiceServerResetTestExecutionListener, org.springframework.boot.test.autoconfigure.web.servlet.MockMvcPrintOnlyOnFailureTestExecutionListener, org.springframework.boot.test.autoconfigure.web.servlet.WebDriverTestExecutionListener, org.springframework.boot.test.autoconfigure.webservices.client.MockWebServiceServerTestExecutionListener, org.springframework.boot.test.mock.mockito.MockitoTestExecutionListener, org.springframework.boot.test.mock.mockito.ResetMocksTestExecutionListener, org.springframework.test.context.web.ServletTestExecutionListener, org.springframework.test.context.support.DirtiesContextBeforeModesTestExecutionListener, org.springframework.test.context.event.ApplicationEventsTestExecutionListener, org.springframework.test.context.support.DependencyInjectionTestExecutionListener, org.springframework.test.context.support.DirtiesContextTestExecutionListener, org.springframework.test.context.transaction.TransactionalTestExecutionListener, org.springframework.test.context.jdbc.SqlScriptsTestExecutionListener, org.springframework.test.context.event.EventPublishingTestExecutionListener]
16:06:56.645 [Test worker] DEBUG org.springframework.boot.test.context.SpringBootTestContextBootstrapper - Skipping candidate TestExecutionListener [org.springframework.test.context.transaction.TransactionalTestExecutionListener] due to a missing dependency. Specify custom listener classes or make the default listener classes and their required dependencies available. Offending class: [org/springframework/transaction/interceptor/TransactionAttributeSource]
16:06:56.645 [Test worker] DEBUG org.springframework.boot.test.context.SpringBootTestContextBootstrapper - Skipping candidate TestExecutionListener [org.springframework.test.context.jdbc.SqlScriptsTestExecutionListener] due to a missing dependency. Specify custom listener classes or make the default listener classes and their required dependencies available. Offending class: [org/springframework/transaction/interceptor/TransactionAttribute]
16:06:56.645 [Test worker] INFO org.springframework.boot.test.context.SpringBootTestContextBootstrapper - Using TestExecutionListeners: [org.springframework.test.context.web.ServletTestExecutionListener@26425897, org.springframework.test.context.support.DirtiesContextBeforeModesTestExecutionListener@73163d48, org.springframework.test.context.event.ApplicationEventsTestExecutionListener@58c34bb3, org.springframework.boot.test.mock.mockito.MockitoTestExecutionListener@56a4479a, org.springframework.boot.test.autoconfigure.SpringBootDependencyInjectionTestExecutionListener@62163b39, org.springframework.test.context.support.DirtiesContextTestExecutionListener@20a8a64e, org.springframework.test.context.event.EventPublishingTestExecutionListener@62f4ff3b, org.springframework.boot.test.autoconfigure.restdocs.RestDocsTestExecutionListener@1698fc68, org.springframework.boot.test.autoconfigure.web.client.MockRestServiceServerResetTestExecutionListener@4504d271, org.springframework.boot.test.autoconfigure.web.servlet.MockMvcPrintOnlyOnFailureTestExecutionListener@207b8649, org.springframework.boot.test.autoconfigure.web.servlet.WebDriverTestExecutionListener@65b3a85a, org.springframework.boot.test.autoconfigure.webservices.client.MockWebServiceServerTestExecutionListener@34997338, org.springframework.boot.test.mock.mockito.ResetMocksTestExecutionListener@57eda880]
16:06:56.650 [Test worker] DEBUG org.springframework.test.context.support.AbstractDirtiesContextTestExecutionListener - Before test class: context [DefaultTestContext@2a3c96e3 testClass = TemplateApplicationTests, testInstance = [null], testMethod = [null], testException = [null], mergedContextConfiguration = [WebMergedContextConfiguration@15cafec7 testClass = TemplateApplicationTests, locations = '{}', classes = '{class com.example.template.TemplateApplication}', contextInitializerClasses = '[]', activeProfiles = '{}', propertySourceLocations = '{}', propertySourceProperties = '{org.springframework.boot.test.context.SpringBootTestContextBootstrapper=true}', contextCustomizers = set[org.springframework.boot.test.autoconfigure.actuate.metrics.MetricsExportContextCustomizerFactory$DisableMetricExportContextCustomizer@7fcf2fc1, org.springframework.boot.test.autoconfigure.properties.PropertyMappingContextCustomizer@0, org.springframework.boot.test.autoconfigure.web.servlet.WebDriverContextCustomizerFactory$Customizer@119cbf96, org.springframework.boot.test.context.filter.ExcludeFilterContextCustomizer@455b6df1, org.springframework.boot.test.json.DuplicateJsonObjectContextCustomizerFactory$DuplicateJsonObjectContextCustomizer@1ab06251, org.springframework.boot.test.mock.mockito.MockitoContextCustomizer@0, org.springframework.boot.test.web.client.TestRestTemplateContextCustomizer@95e33cc, org.springframework.boot.test.context.SpringBootTestArgs@1, org.springframework.boot.test.context.SpringBootTestWebEnvironment@7d20d0b], resourceBasePath = 'src/main/webapp', contextLoader = 'org.springframework.boot.test.context.SpringBootContextLoader', parent = [null]], attributes = map['org.springframework.test.context.web.ServletTestExecutionListener.activateListener' -> true]], class annotated with @DirtiesContext [false] with mode [null].

  .   ____          _            __ _ _
 /\\ / ___'_ __ _ _(_)_ __  __ _ \ \ \ \
( ( )\___ | '_ | '_| | '_ \/ _` | \ \ \ \
 \\/  ___)| |_)| | | | | || (_| |  ) ) ) )
  '  |____| .__|_| |_|_| |_\__, | / / / /
 =========|_|==============|___/=/_/_/_/
 :: Spring Boot ::                (v2.6.6)

2022-04-14 16:06:56.861  INFO 56704 --- [    Test worker] c.e.template.TemplateApplicationTests    : Starting TemplateApplicationTests using Java 17.0.2 on ferro with PID 56704 (started by ferro in /home/ferro/Desktop/TemplateSpringMultiModulos)
2022-04-14 16:06:56.862  INFO 56704 --- [    Test worker] c.e.template.TemplateApplicationTests    : No active profile set, falling back to 1 default profile: "default"
2022-04-14 16:06:57.838  INFO 56704 --- [    Test worker] c.e.template.TemplateApplicationTests    : Started TemplateApplicationTests in 1.163 seconds (JVM running for 2.198)
]]></system-out>
  <system-err><![CDATA[]]></system-err>
</testsuite>
