<?xml version="1.0" encoding="UTF-8"?>
<testsuite name="com.example.template.TemplateApplicationTests" tests="1" skipped="0" failures="0" errors="0" timestamp="2022-04-14T17:43:02" hostname="ferro" time="0.479">
  <properties/>
  <testcase name="contextLoads()" classname="com.example.template.TemplateApplicationTests" time="0.479"/>
  <system-out><![CDATA[14:43:00.407 [Test worker] DEBUG org.springframework.test.context.BootstrapUtils - Instantiating CacheAwareContextLoaderDelegate from class [org.springframework.test.context.cache.DefaultCacheAwareContextLoaderDelegate]
14:43:00.416 [Test worker] DEBUG org.springframework.test.context.BootstrapUtils - Instantiating BootstrapContext using constructor [public org.springframework.test.context.support.DefaultBootstrapContext(java.lang.Class,org.springframework.test.context.CacheAwareContextLoaderDelegate)]
14:43:00.454 [Test worker] DEBUG org.springframework.test.context.BootstrapUtils - Instantiating TestContextBootstrapper for test class [com.example.template.TemplateApplicationTests] from class [org.springframework.boot.test.context.SpringBootTestContextBootstrapper]
14:43:00.463 [Test worker] INFO org.springframework.boot.test.context.SpringBootTestContextBootstrapper - Neither @ContextConfiguration nor @ContextHierarchy found for test class [com.example.template.TemplateApplicationTests], using SpringBootContextLoader
14:43:00.466 [Test worker] DEBUG org.springframework.test.context.support.AbstractContextLoader - Did not detect default resource location for test class [com.example.template.TemplateApplicationTests]: class path resource [com/example/template/TemplateApplicationTests-context.xml] does not exist
14:43:00.467 [Test worker] DEBUG org.springframework.test.context.support.AbstractContextLoader - Did not detect default resource location for test class [com.example.template.TemplateApplicationTests]: class path resource [com/example/template/TemplateApplicationTestsContext.groovy] does not exist
14:43:00.467 [Test worker] INFO org.springframework.test.context.support.AbstractContextLoader - Could not detect default resource locations for test class [com.example.template.TemplateApplicationTests]: no resource found for suffixes {-context.xml, Context.groovy}.
14:43:00.467 [Test worker] INFO org.springframework.test.context.support.AnnotationConfigContextLoaderUtils - Could not detect default configuration classes for test class [com.example.template.TemplateApplicationTests]: TemplateApplicationTests does not declare any static, non-private, non-final, nested classes annotated with @Configuration.
14:43:00.532 [Test worker] DEBUG org.springframework.test.context.support.ActiveProfilesUtils - Could not find an 'annotation declaring class' for annotation type [org.springframework.test.context.ActiveProfiles] and class [com.example.template.TemplateApplicationTests]
14:43:00.572 [Test worker] DEBUG org.springframework.context.annotation.ClassPathScanningCandidateComponentProvider - Identified candidate component class: file [/home/ferro/Desktop/TemplateSpringMultiModulos/build/classes/java/main/com/example/template/TemplateApplication.class]
14:43:00.572 [Test worker] INFO org.springframework.boot.test.context.SpringBootTestContextBootstrapper - Found @SpringBootConfiguration com.example.template.TemplateApplication for test class com.example.template.TemplateApplicationTests
14:43:00.655 [Test worker] DEBUG org.springframework.boot.test.context.SpringBootTestContextBootstrapper - @TestExecutionListeners is not present for class [com.example.template.TemplateApplicationTests]: using defaults.
14:43:00.655 [Test worker] INFO org.springframework.boot.test.context.SpringBootTestContextBootstrapper - Loaded default TestExecutionListener class names from location [META-INF/spring.factories]: [org.springframework.boot.test.autoconfigure.restdocs.RestDocsTestExecutionListener, org.springframework.boot.test.autoconfigure.web.client.MockRestServiceServerResetTestExecutionListener, org.springframework.boot.test.autoconfigure.web.servlet.MockMvcPrintOnlyOnFailureTestExecutionListener, org.springframework.boot.test.autoconfigure.web.servlet.WebDriverTestExecutionListener, org.springframework.boot.test.autoconfigure.webservices.client.MockWebServiceServerTestExecutionListener, org.springframework.boot.test.mock.mockito.MockitoTestExecutionListener, org.springframework.boot.test.mock.mockito.ResetMocksTestExecutionListener, org.springframework.test.context.web.ServletTestExecutionListener, org.springframework.test.context.support.DirtiesContextBeforeModesTestExecutionListener, org.springframework.test.context.event.ApplicationEventsTestExecutionListener, org.springframework.test.context.support.DependencyInjectionTestExecutionListener, org.springframework.test.context.support.DirtiesContextTestExecutionListener, org.springframework.test.context.transaction.TransactionalTestExecutionListener, org.springframework.test.context.jdbc.SqlScriptsTestExecutionListener, org.springframework.test.context.event.EventPublishingTestExecutionListener]
14:43:00.661 [Test worker] DEBUG org.springframework.boot.test.context.SpringBootTestContextBootstrapper - Skipping candidate TestExecutionListener [org.springframework.test.context.transaction.TransactionalTestExecutionListener] due to a missing dependency. Specify custom listener classes or make the default listener classes and their required dependencies available. Offending class: [org/springframework/transaction/interceptor/TransactionAttributeSource]
14:43:00.662 [Test worker] DEBUG org.springframework.boot.test.context.SpringBootTestContextBootstrapper - Skipping candidate TestExecutionListener [org.springframework.test.context.jdbc.SqlScriptsTestExecutionListener] due to a missing dependency. Specify custom listener classes or make the default listener classes and their required dependencies available. Offending class: [org/springframework/transaction/interceptor/TransactionAttribute]
14:43:00.662 [Test worker] INFO org.springframework.boot.test.context.SpringBootTestContextBootstrapper - Using TestExecutionListeners: [org.springframework.test.context.web.ServletTestExecutionListener@16746061, org.springframework.test.context.support.DirtiesContextBeforeModesTestExecutionListener@57fd91c9, org.springframework.test.context.event.ApplicationEventsTestExecutionListener@6cfcd46d, org.springframework.boot.test.mock.mockito.MockitoTestExecutionListener@52045dbe, org.springframework.boot.test.autoconfigure.SpringBootDependencyInjectionTestExecutionListener@674658f7, org.springframework.test.context.support.DirtiesContextTestExecutionListener@5c8eee0f, org.springframework.test.context.event.EventPublishingTestExecutionListener@565b064f, org.springframework.boot.test.autoconfigure.restdocs.RestDocsTestExecutionListener@26425897, org.springframework.boot.test.autoconfigure.web.client.MockRestServiceServerResetTestExecutionListener@73163d48, org.springframework.boot.test.autoconfigure.web.servlet.MockMvcPrintOnlyOnFailureTestExecutionListener@58c34bb3, org.springframework.boot.test.autoconfigure.web.servlet.WebDriverTestExecutionListener@56a4479a, org.springframework.boot.test.autoconfigure.webservices.client.MockWebServiceServerTestExecutionListener@62163b39, org.springframework.boot.test.mock.mockito.ResetMocksTestExecutionListener@20a8a64e]
14:43:00.664 [Test worker] DEBUG org.springframework.test.context.support.AbstractDirtiesContextTestExecutionListener - Before test class: context [DefaultTestContext@75459c75 testClass = TemplateApplicationTests, testInstance = [null], testMethod = [null], testException = [null], mergedContextConfiguration = [WebMergedContextConfiguration@183e8023 testClass = TemplateApplicationTests, locations = '{}', classes = '{class com.example.template.TemplateApplication}', contextInitializerClasses = '[]', activeProfiles = '{}', propertySourceLocations = '{}', propertySourceProperties = '{org.springframework.boot.test.context.SpringBootTestContextBootstrapper=true}', contextCustomizers = set[org.springframework.boot.test.autoconfigure.actuate.metrics.MetricsExportContextCustomizerFactory$DisableMetricExportContextCustomizer@7d286fb6, org.springframework.boot.test.autoconfigure.properties.PropertyMappingContextCustomizer@0, org.springframework.boot.test.autoconfigure.web.servlet.WebDriverContextCustomizerFactory$Customizer@301eda63, org.springframework.boot.test.context.filter.ExcludeFilterContextCustomizer@1bd39d3c, org.springframework.boot.test.json.DuplicateJsonObjectContextCustomizerFactory$DuplicateJsonObjectContextCustomizer@71329995, org.springframework.boot.test.mock.mockito.MockitoContextCustomizer@0, org.springframework.boot.test.web.client.TestRestTemplateContextCustomizer@f107c50, org.springframework.boot.test.context.SpringBootTestArgs@1, org.springframework.boot.test.context.SpringBootTestWebEnvironment@5e5d171f], resourceBasePath = 'src/main/webapp', contextLoader = 'org.springframework.boot.test.context.SpringBootContextLoader', parent = [null]], attributes = map['org.springframework.test.context.web.ServletTestExecutionListener.activateListener' -> true]], class annotated with @DirtiesContext [false] with mode [null].

  .   ____          _            __ _ _
 /\\ / ___'_ __ _ _(_)_ __  __ _ \ \ \ \
( ( )\___ | '_ | '_| | '_ \/ _` | \ \ \ \
 \\/  ___)| |_)| | | | | || (_| |  ) ) ) )
  '  |____| .__|_| |_|_| |_\__, | / / / /
 =========|_|==============|___/=/_/_/_/
 :: Spring Boot ::                (v2.6.6)

2022-04-14 14:43:00.924  INFO 26294 --- [    Test worker] c.e.template.TemplateApplicationTests    : Starting TemplateApplicationTests using Java 17.0.2 on ferro with PID 26294 (started by ferro in /home/ferro/Desktop/TemplateSpringMultiModulos)
2022-04-14 14:43:00.926  INFO 26294 --- [    Test worker] c.e.template.TemplateApplicationTests    : No active profile set, falling back to 1 default profile: "default"
2022-04-14 14:43:02.013  INFO 26294 --- [    Test worker] c.e.template.TemplateApplicationTests    : Started TemplateApplicationTests in 1.321 seconds (JVM running for 2.335)
]]></system-out>
  <system-err><![CDATA[]]></system-err>
</testsuite>
